Sun, 01 Nov 2020 04:42:56 GMT | GET | {} | /users | {} | 401 | 10.002 ms
Sun, 01 Nov 2020 04:42:56 GMT | GET | {} | /users/123 | {} | 401 | 0.777 ms
Sun, 01 Nov 2020 04:42:56 GMT | POST | {"name":"TEST_USER","login":"test_user","password":"*******"} | /users | {} | 401 | 0.816 ms
Sun, 01 Nov 2020 04:42:56 GMT | PUT | {"name":"TEST_USER","login":"test_user","password":"*******"} | /users/12345 | {} | 401 | 0.873 ms
Sun, 01 Nov 2020 04:42:57 GMT | DELETE | {} | /users/12345 | {} | 401 | 0.996 ms
Sun, 01 Nov 2020 04:42:59 GMT | GET | {} | /boards/0399f94b-8ec3-427e-aac3-99096f3cd470 | {} | 404 | 68.603 ms
Sun, 01 Nov 2020 04:43:00 GMT | GET | {} | /boards/6bd756e6-1b5d-49c1-ac03-858c621035f9/tasks/e2c86391-ebbe-4ac6-8ae0-5766b0242d83 | {} | 404 | 163.073 ms
Sun, 01 Nov 2020 04:43:00 GMT | GET | {} | /boards/6bd756e6-1b5d-49c1-ac03-858c621035f9/tasks/141adc40-10c7-4377-82b1-437fb541328a | {} | 404 | 161.464 ms
Sun, 01 Nov 2020 04:43:00 GMT | GET | {} | /boards/6bd756e6-1b5d-49c1-ac03-858c621035f9/tasks/a691dcca-aa0a-4724-ac6b-1235046fb0b1 | {} | 404 | 154.457 ms
Sun, 01 Nov 2020 04:43:00 GMT | GET | {} | /boards/6bd756e6-1b5d-49c1-ac03-858c621035f9/tasks/5bd80024-cdba-4489-897d-03f30709f6d5 | {} | 404 | 123.300 ms
Sun, 01 Nov 2020 04:43:00 GMT | GET | {} | /boards/6bd756e6-1b5d-49c1-ac03-858c621035f9/tasks/795993c4-dacb-4fc8-8ebb-67205dc3df67 | {} | 404 | 108.683 ms
Sun, 01 Nov 2020 04:43:01 GMT | GET | {} | /boards/14d508a5-4b84-4ea5-892a-b9cf46e41236/tasks/8f941563-a7c7-4a34-a2e9-e056daeae921 | {} | 404 | 65.428 ms
Sun, 01 Nov 2020 04:43:02 GMT | GET | {} | /boards | {} | 401 | 3.149 ms
Sun, 01 Nov 2020 04:43:02 GMT | GET | {} | /boards/12345 | {} | 401 | 2.264 ms
Sun, 01 Nov 2020 04:43:02 GMT | POST | {"title":"Autotest board","columns":[{"title":"Backlog","order":1},{"title":"Sprint","order":2}]} | /boards | {} | 401 | 1.015 ms
Sun, 01 Nov 2020 04:43:02 GMT | PUT | {"title":"Autotest board","columns":[{"title":"Backlog","order":1},{"title":"Sprint","order":2}]} | /boards/12345 | {} | 401 | 0.665 ms
Sun, 01 Nov 2020 04:43:02 GMT | DELETE | {} | /boards/12345 | {} | 401 | 0.841 ms
Sun, 01 Nov 2020 04:43:03 GMT | GET | {} | /boards/12345/tasks | {} | 401 | 1.420 ms
Sun, 01 Nov 2020 04:43:03 GMT | GET | {} | /boards/12345/tasks/12345 | {} | 401 | 1.119 ms
Sun, 01 Nov 2020 04:43:03 GMT | POST | {"title":"Autotest task","order":0,"description":"Lorem ipsum","userId":null,"boardId":null,"columnId":null} | /boards/12345/tasks | {} | 401 | 0.889 ms
Sun, 01 Nov 2020 04:43:03 GMT | PUT | {"title":"Autotest task","order":0,"description":"Lorem ipsum","userId":null,"boardId":null,"columnId":null} | /boards/12345/tasks/12345 | {} | 401 | 0.626 ms
Sun, 01 Nov 2020 04:43:03 GMT | DELETE | {} | /boards/12345/tasks/12345 | {} | 401 | 0.770 ms
Mon, 02 Nov 2020 22:02:32 GMT | GET | {} | /users | {} | 401 | 17.653 ms
Mon, 02 Nov 2020 22:02:32 GMT | GET | {} | /users/123 | {} | 401 | 1.054 ms
Mon, 02 Nov 2020 22:02:32 GMT | POST | {"name":"TEST_USER","login":"test_user","password":"*******"} | /users | {} | 401 | 0.812 ms
Mon, 02 Nov 2020 22:02:32 GMT | PUT | {"name":"TEST_USER","login":"test_user","password":"*******"} | /users/12345 | {} | 401 | 0.871 ms
Mon, 02 Nov 2020 22:02:32 GMT | DELETE | {} | /users/12345 | {} | 401 | 0.850 ms
Mon, 02 Nov 2020 22:02:35 GMT | GET | {} | /boards/81a78fa5-36d8-451b-a00e-1dbbf305dc8b | {} | 404 | 169.673 ms
Mon, 02 Nov 2020 22:02:36 GMT | GET | {} | /boards/da9c146d-85bd-45c0-9cb3-784e05bd90ac/tasks/78a24f67-22d7-420b-ab97-62d0ee612a25 | {} | 404 | 231.274 ms
Mon, 02 Nov 2020 22:02:36 GMT | GET | {} | /boards/da9c146d-85bd-45c0-9cb3-784e05bd90ac/tasks/a2dcc41f-7df7-4813-8ed8-c7d8b34e254b | {} | 404 | 288.829 ms
Mon, 02 Nov 2020 22:02:36 GMT | GET | {} | /boards/da9c146d-85bd-45c0-9cb3-784e05bd90ac/tasks/6f5e86e3-398e-410b-87bb-9c557a26482d | {} | 404 | 304.563 ms
Mon, 02 Nov 2020 22:02:36 GMT | GET | {} | /boards/da9c146d-85bd-45c0-9cb3-784e05bd90ac/tasks/f6de3e44-9b19-4ed3-aa7e-f84364ccb98c | {} | 404 | 326.039 ms
Mon, 02 Nov 2020 22:02:36 GMT | GET | {} | /boards/da9c146d-85bd-45c0-9cb3-784e05bd90ac/tasks/1a2ebbfb-06aa-48d1-9732-5bc93a1311be | {} | 404 | 325.618 ms
Mon, 02 Nov 2020 22:02:38 GMT | GET | {} | /boards/74539772-9fb3-426d-ba13-2a30a08af98e/tasks/4c334297-6365-4a80-a4be-bfabe2749403 | {} | 404 | 75.470 ms
Mon, 02 Nov 2020 22:02:39 GMT | GET | {} | /boards | {} | 401 | 1.304 ms
Mon, 02 Nov 2020 22:02:39 GMT | GET | {} | /boards/12345 | {} | 401 | 1.451 ms
Mon, 02 Nov 2020 22:02:39 GMT | POST | {"title":"Autotest board","columns":[{"title":"Backlog","order":1},{"title":"Sprint","order":2}]} | /boards | {} | 401 | 1.040 ms
Mon, 02 Nov 2020 22:02:39 GMT | PUT | {"title":"Autotest board","columns":[{"title":"Backlog","order":1},{"title":"Sprint","order":2}]} | /boards/12345 | {} | 401 | 1.295 ms
Mon, 02 Nov 2020 22:02:39 GMT | DELETE | {} | /boards/12345 | {} | 401 | 1.019 ms
Mon, 02 Nov 2020 22:02:40 GMT | GET | {} | /boards/12345/tasks | {} | 401 | 1.542 ms
Mon, 02 Nov 2020 22:02:40 GMT | GET | {} | /boards/12345/tasks/12345 | {} | 401 | 0.707 ms
Mon, 02 Nov 2020 22:02:40 GMT | POST | {"title":"Autotest task","order":0,"description":"Lorem ipsum","userId":null,"boardId":null,"columnId":null} | /boards/12345/tasks | {} | 401 | 0.842 ms
Mon, 02 Nov 2020 22:02:40 GMT | PUT | {"title":"Autotest task","order":0,"description":"Lorem ipsum","userId":null,"boardId":null,"columnId":null} | /boards/12345/tasks/12345 | {} | 401 | 1.314 ms
Mon, 02 Nov 2020 22:02:40 GMT | DELETE | {} | /boards/12345/tasks/12345 | {} | 401 | 0.677 ms
