Sun, 01 Nov 2020 04:42:56 GMT | GET | {} | /users | {} | 401 | 10.002 ms
Sun, 01 Nov 2020 04:42:56 GMT | GET | {} | /users/123 | {} | 401 | 0.777 ms
Sun, 01 Nov 2020 04:42:56 GMT | POST | {"name":"TEST_USER","login":"test_user","password":"*******"} | /users | {} | 401 | 0.816 ms
Sun, 01 Nov 2020 04:42:56 GMT | PUT | {"name":"TEST_USER","login":"test_user","password":"*******"} | /users/12345 | {} | 401 | 0.873 ms
Sun, 01 Nov 2020 04:42:57 GMT | DELETE | {} | /users/12345 | {} | 401 | 0.996 ms
Sun, 01 Nov 2020 04:42:57 GMT | POST | {"login":"admin","password":"*******"} | /login | {} | 200 | 347.145 ms
Sun, 01 Nov 2020 04:42:57 GMT | POST | {"login":"admin","password":"*******"} | /login | {} | 200 | 400.621 ms
Sun, 01 Nov 2020 04:42:57 GMT | POST | {"title":"Autotest board","columns":[{"title":"Backlog","order":1},{"title":"Sprint","order":2}]} | /boards | {} | 200 | 138.610 ms
Sun, 01 Nov 2020 04:42:57 GMT | GET | {} | /users | {} | 200 | 120.459 ms
Sun, 01 Nov 2020 04:42:57 GMT | GET | {} | /boards | {} | 200 | 108.534 ms
Sun, 01 Nov 2020 04:42:57 GMT | GET | {} | /boards | {} | 200 | 111.198 ms
Sun, 01 Nov 2020 04:42:57 GMT | GET | {} | /boards/90b1a2a8-6d5a-44c8-b835-d9aa64955c51 | {"id":"90b1a2a8-6d5a-44c8-b835-d9aa64955c51"} | 200 | 76.020 ms
Sun, 01 Nov 2020 04:42:57 GMT | POST | {"name":"TEST_USER","login":"test_user","password":"*******"} | /users | {} | 200 | 342.280 ms
Sun, 01 Nov 2020 04:42:58 GMT | POST | {"title":"Autotest board","columns":[{"title":"Backlog","order":1},{"title":"Sprint","order":2}]} | /boards | {} | 200 | 112.301 ms
Sun, 01 Nov 2020 04:42:58 GMT | GET | {} | /users/75255bf2-c7b0-4758-8e66-295a44462d1c | {"id":"75255bf2-c7b0-4758-8e66-295a44462d1c"} | 200 | 91.242 ms
Sun, 01 Nov 2020 04:42:58 GMT | DELETE | {} | /boards/64cf59ea-148a-4163-abe5-6408c04a5f05 | {"id":"64cf59ea-148a-4163-abe5-6408c04a5f05"} | 204 | 140.520 ms
Sun, 01 Nov 2020 04:42:58 GMT | DELETE | {} | /users/75255bf2-c7b0-4758-8e66-295a44462d1c | {"id":"75255bf2-c7b0-4758-8e66-295a44462d1c"} | 204 | 157.258 ms
Sun, 01 Nov 2020 04:42:58 GMT | POST | {"title":"Autotest board","columns":[{"title":"Backlog","order":1},{"title":"Sprint","order":2}]} | /boards | {} | 200 | 82.736 ms
Sun, 01 Nov 2020 04:42:58 GMT | PUT | {"id":"92ba200d-b3ba-4165-8517-44854fe4c3a2","title":"Autotest updated board","columns":[{"title":"Backlog","order":1,"_id":"7022e916-21a9-4b0f-b165-2318c9ac0f89"},{"title":"Sprint","order":2,"_id":"c8164df6-4d85-46d5-b054-9445d6886348"}]} | /boards/92ba200d-b3ba-4165-8517-44854fe4c3a2 | {"id":"92ba200d-b3ba-4165-8517-44854fe4c3a2"} | 200 | 84.292 ms
Sun, 01 Nov 2020 04:42:58 GMT | POST | {"name":"TEST_USER","login":"test_user","password":"*******"} | /users | {} | 200 | 258.342 ms
Sun, 01 Nov 2020 04:42:58 GMT | GET | {} | /boards/92ba200d-b3ba-4165-8517-44854fe4c3a2 | {"id":"92ba200d-b3ba-4165-8517-44854fe4c3a2"} | 200 | 73.997 ms
Sun, 01 Nov 2020 04:42:58 GMT | DELETE | {} | /users/bfc9b561-afcc-4b73-86f2-bbce1465ce38 | {"id":"bfc9b561-afcc-4b73-86f2-bbce1465ce38"} | 204 | 135.073 ms
Sun, 01 Nov 2020 04:42:58 GMT | DELETE | {} | /boards/92ba200d-b3ba-4165-8517-44854fe4c3a2 | {"id":"92ba200d-b3ba-4165-8517-44854fe4c3a2"} | 204 | 136.485 ms
Sun, 01 Nov 2020 04:42:58 GMT | POST | {"title":"Autotest board","columns":[{"title":"Backlog","order":1},{"title":"Sprint","order":2}]} | /boards | {} | 200 | 81.306 ms
Sun, 01 Nov 2020 04:42:58 GMT | POST | {"name":"TEST_USER","login":"test_user","password":"*******"} | /users | {} | 200 | 230.721 ms
Sun, 01 Nov 2020 04:42:58 GMT | DELETE | {} | /boards/0399f94b-8ec3-427e-aac3-99096f3cd470 | {"id":"0399f94b-8ec3-427e-aac3-99096f3cd470"} | 204 | 140.245 ms
Sun, 01 Nov 2020 04:42:59 GMT | GET | {} | /boards/0399f94b-8ec3-427e-aac3-99096f3cd470 | {} | 404 | 68.603 ms
Sun, 01 Nov 2020 04:42:59 GMT | POST | {"title":"Autotest board","columns":[{"title":"Backlog","order":1},{"title":"Sprint","order":2}]} | /boards | {} | 200 | 77.319 ms
Sun, 01 Nov 2020 04:42:59 GMT | PUT | {"name":"Autotest updated TEST_USER","login":"test_user","password":"*******","id":"71f08cd2-a91b-4139-bbc0-476e121d041a"} | /users/71f08cd2-a91b-4139-bbc0-476e121d041a | {"id":"71f08cd2-a91b-4139-bbc0-476e121d041a"} | 200 | 247.143 ms
Sun, 01 Nov 2020 04:42:59 GMT | POST | {"login":"admin","password":"*******"} | /login | {} | 200 | 213.685 ms
Sun, 01 Nov 2020 04:42:59 GMT | POST | {"title":"Task #1","order":1,"description":"Lorem ipsum","boardId":"6bd756e6-1b5d-49c1-ac03-858c621035f9","userId":null,"columnId":null} | /boards/6bd756e6-1b5d-49c1-ac03-858c621035f9/tasks | {"boardId":"6bd756e6-1b5d-49c1-ac03-858c621035f9"} | 200 | 87.964 ms
Sun, 01 Nov 2020 04:42:59 GMT | POST | {"title":"Task #2","order":2,"description":"Lorem ipsum","boardId":"6bd756e6-1b5d-49c1-ac03-858c621035f9","userId":null,"columnId":null} | /boards/6bd756e6-1b5d-49c1-ac03-858c621035f9/tasks | {"boardId":"6bd756e6-1b5d-49c1-ac03-858c621035f9"} | 200 | 125.193 ms
Sun, 01 Nov 2020 04:42:59 GMT | POST | {"title":"Task #3","order":3,"description":"Lorem ipsum","boardId":"6bd756e6-1b5d-49c1-ac03-858c621035f9","userId":null,"columnId":null} | /boards/6bd756e6-1b5d-49c1-ac03-858c621035f9/tasks | {"boardId":"6bd756e6-1b5d-49c1-ac03-858c621035f9"} | 200 | 127.703 ms
Sun, 01 Nov 2020 04:42:59 GMT | POST | {"title":"Task #4","order":4,"description":"Lorem ipsum","boardId":"6bd756e6-1b5d-49c1-ac03-858c621035f9","userId":null,"columnId":null} | /boards/6bd756e6-1b5d-49c1-ac03-858c621035f9/tasks | {"boardId":"6bd756e6-1b5d-49c1-ac03-858c621035f9"} | 200 | 130.554 ms
Sun, 01 Nov 2020 04:42:59 GMT | GET | {} | /users/71f08cd2-a91b-4139-bbc0-476e121d041a | {"id":"71f08cd2-a91b-4139-bbc0-476e121d041a"} | 200 | 151.613 ms
Sun, 01 Nov 2020 04:42:59 GMT | POST | {"title":"Task #5","order":5,"description":"Lorem ipsum","boardId":"6bd756e6-1b5d-49c1-ac03-858c621035f9","userId":null,"columnId":null} | /boards/6bd756e6-1b5d-49c1-ac03-858c621035f9/tasks | {"boardId":"6bd756e6-1b5d-49c1-ac03-858c621035f9"} | 200 | 261.798 ms
Sun, 01 Nov 2020 04:42:59 GMT | POST | {"title":"Autotest board","columns":[{"title":"Backlog","order":1},{"title":"Sprint","order":2}]} | /boards | {} | 200 | 250.866 ms
Sun, 01 Nov 2020 04:42:59 GMT | GET | {} | /boards/6bd756e6-1b5d-49c1-ac03-858c621035f9/tasks/e2c86391-ebbe-4ac6-8ae0-5766b0242d83 | {"boardId":"6bd756e6-1b5d-49c1-ac03-858c621035f9","taskId":"e2c86391-ebbe-4ac6-8ae0-5766b0242d83"} | 200 | 107.426 ms
Sun, 01 Nov 2020 04:42:59 GMT | GET | {} | /boards/6bd756e6-1b5d-49c1-ac03-858c621035f9/tasks/141adc40-10c7-4377-82b1-437fb541328a | {"boardId":"6bd756e6-1b5d-49c1-ac03-858c621035f9","taskId":"141adc40-10c7-4377-82b1-437fb541328a"} | 200 | 111.291 ms
Sun, 01 Nov 2020 04:42:59 GMT | GET | {} | /boards/6bd756e6-1b5d-49c1-ac03-858c621035f9/tasks/a691dcca-aa0a-4724-ac6b-1235046fb0b1 | {"boardId":"6bd756e6-1b5d-49c1-ac03-858c621035f9","taskId":"a691dcca-aa0a-4724-ac6b-1235046fb0b1"} | 200 | 114.919 ms
Sun, 01 Nov 2020 04:42:59 GMT | GET | {} | /boards/6bd756e6-1b5d-49c1-ac03-858c621035f9/tasks/5bd80024-cdba-4489-897d-03f30709f6d5 | {"boardId":"6bd756e6-1b5d-49c1-ac03-858c621035f9","taskId":"5bd80024-cdba-4489-897d-03f30709f6d5"} | 200 | 174.585 ms
Sun, 01 Nov 2020 04:42:59 GMT | GET | {} | /boards/6bd756e6-1b5d-49c1-ac03-858c621035f9/tasks/795993c4-dacb-4fc8-8ebb-67205dc3df67 | {"boardId":"6bd756e6-1b5d-49c1-ac03-858c621035f9","taskId":"795993c4-dacb-4fc8-8ebb-67205dc3df67"} | 200 | 180.577 ms
Sun, 01 Nov 2020 04:42:59 GMT | DELETE | {} | /users/71f08cd2-a91b-4139-bbc0-476e121d041a | {"id":"71f08cd2-a91b-4139-bbc0-476e121d041a"} | 204 | 321.022 ms
Sun, 01 Nov 2020 04:42:59 GMT | POST | {"title":"Autotest task","order":0,"description":"Lorem ipsum","userId":null,"boardId":null,"columnId":null} | /boards/14d508a5-4b84-4ea5-892a-b9cf46e41236/tasks | {"boardId":"14d508a5-4b84-4ea5-892a-b9cf46e41236"} | 200 | 194.740 ms
Sun, 01 Nov 2020 04:42:59 GMT | GET | {} | /boards/14d508a5-4b84-4ea5-892a-b9cf46e41236/tasks | {"boardId":"14d508a5-4b84-4ea5-892a-b9cf46e41236"} | 200 | 68.923 ms
Sun, 01 Nov 2020 04:42:59 GMT | DELETE | {} | /boards/6bd756e6-1b5d-49c1-ac03-858c621035f9 | {"id":"6bd756e6-1b5d-49c1-ac03-858c621035f9"} | 204 | 136.573 ms
Sun, 01 Nov 2020 04:43:00 GMT | GET | {} | /boards/14d508a5-4b84-4ea5-892a-b9cf46e41236/tasks | {"boardId":"14d508a5-4b84-4ea5-892a-b9cf46e41236"} | 200 | 188.416 ms
Sun, 01 Nov 2020 04:43:00 GMT | POST | {"name":"TEST_USER","login":"test_user","password":"*******"} | /users | {} | 200 | 309.777 ms
Sun, 01 Nov 2020 04:43:00 GMT | GET | {} | /boards/6bd756e6-1b5d-49c1-ac03-858c621035f9/tasks/e2c86391-ebbe-4ac6-8ae0-5766b0242d83 | {} | 404 | 163.073 ms
Sun, 01 Nov 2020 04:43:00 GMT | GET | {} | /boards/6bd756e6-1b5d-49c1-ac03-858c621035f9/tasks/141adc40-10c7-4377-82b1-437fb541328a | {} | 404 | 161.464 ms
Sun, 01 Nov 2020 04:43:00 GMT | GET | {} | /boards/6bd756e6-1b5d-49c1-ac03-858c621035f9/tasks/a691dcca-aa0a-4724-ac6b-1235046fb0b1 | {} | 404 | 154.457 ms
Sun, 01 Nov 2020 04:43:00 GMT | GET | {} | /boards/6bd756e6-1b5d-49c1-ac03-858c621035f9/tasks/5bd80024-cdba-4489-897d-03f30709f6d5 | {} | 404 | 123.300 ms
Sun, 01 Nov 2020 04:43:00 GMT | GET | {} | /boards/6bd756e6-1b5d-49c1-ac03-858c621035f9/tasks/795993c4-dacb-4fc8-8ebb-67205dc3df67 | {} | 404 | 108.683 ms
Sun, 01 Nov 2020 04:43:00 GMT | GET | {} | /boards/14d508a5-4b84-4ea5-892a-b9cf46e41236/tasks/8f941563-a7c7-4a34-a2e9-e056daeae921 | {"boardId":"14d508a5-4b84-4ea5-892a-b9cf46e41236","taskId":"8f941563-a7c7-4a34-a2e9-e056daeae921"} | 200 | 76.792 ms
Sun, 01 Nov 2020 04:43:00 GMT | DELETE | {} | /users/7aebdbed-1f53-4191-9c9f-97435ea0aa5d | {"id":"7aebdbed-1f53-4191-9c9f-97435ea0aa5d"} | 204 | 223.443 ms
Sun, 01 Nov 2020 04:43:00 GMT | POST | {"title":"Autotest task","order":0,"description":"Lorem ipsum","userId":null,"boardId":null,"columnId":null} | /boards/14d508a5-4b84-4ea5-892a-b9cf46e41236/tasks | {"boardId":"14d508a5-4b84-4ea5-892a-b9cf46e41236"} | 200 | 126.650 ms
Sun, 01 Nov 2020 04:43:00 GMT | DELETE | {} | /boards/44abd83c-3085-4d6c-9006-483658aa45b2 | {"id":"44abd83c-3085-4d6c-9006-483658aa45b2"} | 204 | 215.872 ms
Sun, 01 Nov 2020 04:43:00 GMT | DELETE | {} | /boards/14d508a5-4b84-4ea5-892a-b9cf46e41236/tasks/518cc955-9f34-412c-8d3f-4a885c6c8715 | {"boardId":"14d508a5-4b84-4ea5-892a-b9cf46e41236","taskId":"518cc955-9f34-412c-8d3f-4a885c6c8715"} | 204 | 67.818 ms
Sun, 01 Nov 2020 04:43:00 GMT | POST | {"title":"Autotest task","order":0,"description":"Lorem ipsum","userId":null,"boardId":null,"columnId":null} | /boards/14d508a5-4b84-4ea5-892a-b9cf46e41236/tasks | {"boardId":"14d508a5-4b84-4ea5-892a-b9cf46e41236"} | 200 | 90.204 ms
Sun, 01 Nov 2020 04:43:00 GMT | POST | {"name":"TEST_USER","login":"test_user","password":"*******"} | /users | {} | 200 | 244.264 ms
Sun, 01 Nov 2020 04:43:00 GMT | PUT | {"id":"8a65f3aa-9e56-435e-9a33-3e2a9367df63","title":"Autotest updated task","order":0,"description":"Lorem ipsum","userId":null,"boardId":"14d508a5-4b84-4ea5-892a-b9cf46e41236","columnId":null} | /boards/14d508a5-4b84-4ea5-892a-b9cf46e41236/tasks/8a65f3aa-9e56-435e-9a33-3e2a9367df63 | {"boardId":"14d508a5-4b84-4ea5-892a-b9cf46e41236","taskId":"8a65f3aa-9e56-435e-9a33-3e2a9367df63"} | 200 | 77.677 ms
Sun, 01 Nov 2020 04:43:00 GMT | POST | {"title":"Autotest board","columns":[{"title":"Backlog","order":1},{"title":"Sprint","order":2}]} | /boards | {} | 200 | 76.443 ms
Sun, 01 Nov 2020 04:43:00 GMT | GET | {} | /boards/14d508a5-4b84-4ea5-892a-b9cf46e41236/tasks/8a65f3aa-9e56-435e-9a33-3e2a9367df63 | {"boardId":"14d508a5-4b84-4ea5-892a-b9cf46e41236","taskId":"8a65f3aa-9e56-435e-9a33-3e2a9367df63"} | 200 | 70.803 ms
Sun, 01 Nov 2020 04:43:00 GMT | POST | {"title":"Task #1","order":1,"description":"Lorem ipsum","userId":"cde42564-5c45-4cb0-bd3b-e4838c4d0f36","boardId":"26db43b5-f014-468b-a875-0094c4921833"} | /boards/26db43b5-f014-468b-a875-0094c4921833/tasks | {"boardId":"26db43b5-f014-468b-a875-0094c4921833"} | 200 | 168.035 ms
Sun, 01 Nov 2020 04:43:00 GMT | POST | {"title":"Task #2","order":2,"description":"Lorem ipsum","userId":"cde42564-5c45-4cb0-bd3b-e4838c4d0f36","boardId":"26db43b5-f014-468b-a875-0094c4921833"} | /boards/26db43b5-f014-468b-a875-0094c4921833/tasks | {"boardId":"26db43b5-f014-468b-a875-0094c4921833"} | 200 | 201.296 ms
Sun, 01 Nov 2020 04:43:01 GMT | GET | {} | /boards/14d508a5-4b84-4ea5-892a-b9cf46e41236/tasks/8f941563-a7c7-4a34-a2e9-e056daeae921 | {"boardId":"14d508a5-4b84-4ea5-892a-b9cf46e41236","taskId":"8f941563-a7c7-4a34-a2e9-e056daeae921"} | 200 | 72.206 ms
Sun, 01 Nov 2020 04:43:01 GMT | DELETE | {} | /boards/14d508a5-4b84-4ea5-892a-b9cf46e41236/tasks/8f941563-a7c7-4a34-a2e9-e056daeae921 | {"boardId":"14d508a5-4b84-4ea5-892a-b9cf46e41236","taskId":"8f941563-a7c7-4a34-a2e9-e056daeae921"} | 204 | 67.694 ms
Sun, 01 Nov 2020 04:43:01 GMT | DELETE | {} | /users/cde42564-5c45-4cb0-bd3b-e4838c4d0f36 | {"id":"cde42564-5c45-4cb0-bd3b-e4838c4d0f36"} | 204 | 153.748 ms
Sun, 01 Nov 2020 04:43:01 GMT | GET | {} | /boards/14d508a5-4b84-4ea5-892a-b9cf46e41236/tasks/8f941563-a7c7-4a34-a2e9-e056daeae921 | {} | 404 | 65.428 ms
Sun, 01 Nov 2020 04:43:01 GMT | GET | {} | /boards/26db43b5-f014-468b-a875-0094c4921833/tasks/132a6ebf-7268-451a-9d02-4f886590aa21 | {"boardId":"26db43b5-f014-468b-a875-0094c4921833","taskId":"132a6ebf-7268-451a-9d02-4f886590aa21"} | 200 | 70.694 ms
Sun, 01 Nov 2020 04:43:01 GMT | GET | {} | /boards/26db43b5-f014-468b-a875-0094c4921833/tasks/76f77d5d-700d-4157-84fb-fb9105448092 | {"boardId":"26db43b5-f014-468b-a875-0094c4921833","taskId":"76f77d5d-700d-4157-84fb-fb9105448092"} | 200 | 68.630 ms
Sun, 01 Nov 2020 04:43:01 GMT | DELETE | {} | /boards/14d508a5-4b84-4ea5-892a-b9cf46e41236 | {"id":"14d508a5-4b84-4ea5-892a-b9cf46e41236"} | 204 | 135.394 ms
Sun, 01 Nov 2020 04:43:01 GMT | DELETE | {} | /boards/26db43b5-f014-468b-a875-0094c4921833/tasks/132a6ebf-7268-451a-9d02-4f886590aa21 | {"boardId":"26db43b5-f014-468b-a875-0094c4921833","taskId":"132a6ebf-7268-451a-9d02-4f886590aa21"} | 204 | 80.972 ms
Sun, 01 Nov 2020 04:43:01 GMT | DELETE | {} | /boards/26db43b5-f014-468b-a875-0094c4921833/tasks/76f77d5d-700d-4157-84fb-fb9105448092 | {"boardId":"26db43b5-f014-468b-a875-0094c4921833","taskId":"76f77d5d-700d-4157-84fb-fb9105448092"} | 204 | 156.135 ms
Sun, 01 Nov 2020 04:43:01 GMT | DELETE | {} | /boards/26db43b5-f014-468b-a875-0094c4921833 | {"id":"26db43b5-f014-468b-a875-0094c4921833"} | 204 | 134.966 ms
Sun, 01 Nov 2020 04:43:02 GMT | GET | {} | /boards | {} | 401 | 3.149 ms
Sun, 01 Nov 2020 04:43:02 GMT | GET | {} | /boards/12345 | {} | 401 | 2.264 ms
Sun, 01 Nov 2020 04:43:02 GMT | POST | {"title":"Autotest board","columns":[{"title":"Backlog","order":1},{"title":"Sprint","order":2}]} | /boards | {} | 401 | 1.015 ms
Sun, 01 Nov 2020 04:43:02 GMT | PUT | {"title":"Autotest board","columns":[{"title":"Backlog","order":1},{"title":"Sprint","order":2}]} | /boards/12345 | {} | 401 | 0.665 ms
Sun, 01 Nov 2020 04:43:02 GMT | DELETE | {} | /boards/12345 | {} | 401 | 0.841 ms
Sun, 01 Nov 2020 04:43:03 GMT | GET | {} | /boards/12345/tasks | {} | 401 | 1.420 ms
Sun, 01 Nov 2020 04:43:03 GMT | GET | {} | /boards/12345/tasks/12345 | {} | 401 | 1.119 ms
Sun, 01 Nov 2020 04:43:03 GMT | POST | {"title":"Autotest task","order":0,"description":"Lorem ipsum","userId":null,"boardId":null,"columnId":null} | /boards/12345/tasks | {} | 401 | 0.889 ms
Sun, 01 Nov 2020 04:43:03 GMT | PUT | {"title":"Autotest task","order":0,"description":"Lorem ipsum","userId":null,"boardId":null,"columnId":null} | /boards/12345/tasks/12345 | {} | 401 | 0.626 ms
Sun, 01 Nov 2020 04:43:03 GMT | DELETE | {} | /boards/12345/tasks/12345 | {} | 401 | 0.770 ms
Mon, 02 Nov 2020 22:02:32 GMT | GET | {} | /users | {} | 401 | 17.653 ms
Mon, 02 Nov 2020 22:02:32 GMT | GET | {} | /users/123 | {} | 401 | 1.054 ms
Mon, 02 Nov 2020 22:02:32 GMT | POST | {"name":"TEST_USER","login":"test_user","password":"*******"} | /users | {} | 401 | 0.812 ms
Mon, 02 Nov 2020 22:02:32 GMT | PUT | {"name":"TEST_USER","login":"test_user","password":"*******"} | /users/12345 | {} | 401 | 0.871 ms
Mon, 02 Nov 2020 22:02:32 GMT | DELETE | {} | /users/12345 | {} | 401 | 0.850 ms
Mon, 02 Nov 2020 22:02:32 GMT | POST | {"login":"admin","password":"*******"} | /login | {} | 200 | 359.036 ms
Mon, 02 Nov 2020 22:02:32 GMT | POST | {"login":"admin","password":"*******"} | /login | {} | 200 | 413.285 ms
Mon, 02 Nov 2020 22:02:32 GMT | POST | {"title":"Autotest board","columns":[{"title":"Backlog","order":1},{"title":"Sprint","order":2}]} | /boards | {} | 200 | 196.596 ms
Mon, 02 Nov 2020 22:02:32 GMT | GET | {} | /users | {} | 200 | 115.966 ms
Mon, 02 Nov 2020 22:02:32 GMT | GET | {} | /boards | {} | 200 | 95.278 ms
Mon, 02 Nov 2020 22:02:33 GMT | GET | {} | /boards | {} | 200 | 97.849 ms
Mon, 02 Nov 2020 22:02:33 GMT | POST | {"name":"TEST_USER","login":"test_user","password":"*******"} | /users | {} | 200 | 301.562 ms
Mon, 02 Nov 2020 22:02:33 GMT | GET | {} | /boards/90b1a2a8-6d5a-44c8-b835-d9aa64955c51 | {"id":"90b1a2a8-6d5a-44c8-b835-d9aa64955c51"} | 200 | 168.484 ms
Mon, 02 Nov 2020 22:02:33 GMT | GET | {} | /users/3c272d3e-43c6-4f55-8074-a94d3fc62e92 | {"id":"3c272d3e-43c6-4f55-8074-a94d3fc62e92"} | 200 | 75.746 ms
Mon, 02 Nov 2020 22:02:33 GMT | POST | {"title":"Autotest board","columns":[{"title":"Backlog","order":1},{"title":"Sprint","order":2}]} | /boards | {} | 200 | 117.356 ms
Mon, 02 Nov 2020 22:02:33 GMT | DELETE | {} | /users/3c272d3e-43c6-4f55-8074-a94d3fc62e92 | {"id":"3c272d3e-43c6-4f55-8074-a94d3fc62e92"} | 204 | 182.476 ms
Mon, 02 Nov 2020 22:02:33 GMT | DELETE | {} | /boards/50dc99e4-fa5b-4788-a488-cc8f79e0f189 | {"id":"50dc99e4-fa5b-4788-a488-cc8f79e0f189"} | 204 | 179.946 ms
Mon, 02 Nov 2020 22:02:34 GMT | POST | {"title":"Autotest board","columns":[{"title":"Backlog","order":1},{"title":"Sprint","order":2}]} | /boards | {} | 200 | 92.277 ms
Mon, 02 Nov 2020 22:02:34 GMT | POST | {"name":"TEST_USER","login":"test_user","password":"*******"} | /users | {} | 200 | 420.346 ms
Mon, 02 Nov 2020 22:02:34 GMT | PUT | {"id":"1781f291-7c12-4193-97a7-25b9e9aee663","title":"Autotest updated board","columns":[{"title":"Backlog","order":1,"_id":"2dc47748-6a07-46df-acb3-5efa462b7b9a"},{"title":"Sprint","order":2,"_id":"30cea924-c22d-4bb3-8a12-cda4e78beeee"}]} | /boards/1781f291-7c12-4193-97a7-25b9e9aee663 | {"id":"1781f291-7c12-4193-97a7-25b9e9aee663"} | 200 | 143.840 ms
Mon, 02 Nov 2020 22:02:34 GMT | GET | {} | /boards/1781f291-7c12-4193-97a7-25b9e9aee663 | {"id":"1781f291-7c12-4193-97a7-25b9e9aee663"} | 200 | 83.019 ms
Mon, 02 Nov 2020 22:02:34 GMT | DELETE | {} | /users/2a84be07-ca89-4de7-952c-1c67377bd6a1 | {"id":"2a84be07-ca89-4de7-952c-1c67377bd6a1"} | 204 | 179.056 ms
Mon, 02 Nov 2020 22:02:34 GMT | DELETE | {} | /boards/1781f291-7c12-4193-97a7-25b9e9aee663 | {"id":"1781f291-7c12-4193-97a7-25b9e9aee663"} | 204 | 135.838 ms
Mon, 02 Nov 2020 22:02:34 GMT | POST | {"name":"TEST_USER","login":"test_user","password":"*******"} | /users | {} | 200 | 256.975 ms
Mon, 02 Nov 2020 22:02:34 GMT | POST | {"title":"Autotest board","columns":[{"title":"Backlog","order":1},{"title":"Sprint","order":2}]} | /boards | {} | 200 | 121.790 ms
Mon, 02 Nov 2020 22:02:35 GMT | DELETE | {} | /boards/81a78fa5-36d8-451b-a00e-1dbbf305dc8b | {"id":"81a78fa5-36d8-451b-a00e-1dbbf305dc8b"} | 204 | 140.985 ms
Mon, 02 Nov 2020 22:02:35 GMT | PUT | {"name":"Autotest updated TEST_USER","login":"test_user","password":"*******","id":"5947b6a5-c0d3-481d-9208-066b03c7ec22"} | /users/5947b6a5-c0d3-481d-9208-066b03c7ec22 | {"id":"5947b6a5-c0d3-481d-9208-066b03c7ec22"} | 200 | 335.788 ms
Mon, 02 Nov 2020 22:02:35 GMT | GET | {} | /boards/81a78fa5-36d8-451b-a00e-1dbbf305dc8b | {} | 404 | 169.673 ms
Mon, 02 Nov 2020 22:02:35 GMT | GET | {} | /users/5947b6a5-c0d3-481d-9208-066b03c7ec22 | {"id":"5947b6a5-c0d3-481d-9208-066b03c7ec22"} | 200 | 75.030 ms
Mon, 02 Nov 2020 22:02:35 GMT | POST | {"title":"Autotest board","columns":[{"title":"Backlog","order":1},{"title":"Sprint","order":2}]} | /boards | {} | 200 | 99.198 ms
Mon, 02 Nov 2020 22:02:35 GMT | POST | {"title":"Task #1","order":1,"description":"Lorem ipsum","boardId":"da9c146d-85bd-45c0-9cb3-784e05bd90ac","userId":null,"columnId":null} | /boards/da9c146d-85bd-45c0-9cb3-784e05bd90ac/tasks | {"boardId":"da9c146d-85bd-45c0-9cb3-784e05bd90ac"} | 200 | 139.885 ms
Mon, 02 Nov 2020 22:02:35 GMT | POST | {"title":"Task #2","order":2,"description":"Lorem ipsum","boardId":"da9c146d-85bd-45c0-9cb3-784e05bd90ac","userId":null,"columnId":null} | /boards/da9c146d-85bd-45c0-9cb3-784e05bd90ac/tasks | {"boardId":"da9c146d-85bd-45c0-9cb3-784e05bd90ac"} | 200 | 208.430 ms
Mon, 02 Nov 2020 22:02:35 GMT | POST | {"login":"admin","password":"*******"} | /login | {} | 200 | 430.479 ms
Mon, 02 Nov 2020 22:02:36 GMT | POST | {"title":"Task #3","order":3,"description":"Lorem ipsum","boardId":"da9c146d-85bd-45c0-9cb3-784e05bd90ac","userId":null,"columnId":null} | /boards/da9c146d-85bd-45c0-9cb3-784e05bd90ac/tasks | {"boardId":"da9c146d-85bd-45c0-9cb3-784e05bd90ac"} | 200 | 235.439 ms
Mon, 02 Nov 2020 22:02:36 GMT | POST | {"title":"Task #4","order":4,"description":"Lorem ipsum","boardId":"da9c146d-85bd-45c0-9cb3-784e05bd90ac","userId":null,"columnId":null} | /boards/da9c146d-85bd-45c0-9cb3-784e05bd90ac/tasks | {"boardId":"da9c146d-85bd-45c0-9cb3-784e05bd90ac"} | 200 | 291.336 ms
Mon, 02 Nov 2020 22:02:36 GMT | POST | {"title":"Task #5","order":5,"description":"Lorem ipsum","boardId":"da9c146d-85bd-45c0-9cb3-784e05bd90ac","userId":null,"columnId":null} | /boards/da9c146d-85bd-45c0-9cb3-784e05bd90ac/tasks | {"boardId":"da9c146d-85bd-45c0-9cb3-784e05bd90ac"} | 200 | 349.705 ms
Mon, 02 Nov 2020 22:02:36 GMT | DELETE | {} | /users/5947b6a5-c0d3-481d-9208-066b03c7ec22 | {"id":"5947b6a5-c0d3-481d-9208-066b03c7ec22"} | 204 | 435.161 ms
Mon, 02 Nov 2020 22:02:36 GMT | POST | {"title":"Autotest board","columns":[{"title":"Backlog","order":1},{"title":"Sprint","order":2}]} | /boards | {} | 200 | 132.160 ms
Mon, 02 Nov 2020 22:02:36 GMT | GET | {} | /boards/da9c146d-85bd-45c0-9cb3-784e05bd90ac/tasks/78a24f67-22d7-420b-ab97-62d0ee612a25 | {"boardId":"da9c146d-85bd-45c0-9cb3-784e05bd90ac","taskId":"78a24f67-22d7-420b-ab97-62d0ee612a25"} | 200 | 95.368 ms
Mon, 02 Nov 2020 22:02:36 GMT | GET | {} | /boards/da9c146d-85bd-45c0-9cb3-784e05bd90ac/tasks/a2dcc41f-7df7-4813-8ed8-c7d8b34e254b | {"boardId":"da9c146d-85bd-45c0-9cb3-784e05bd90ac","taskId":"a2dcc41f-7df7-4813-8ed8-c7d8b34e254b"} | 200 | 101.702 ms
Mon, 02 Nov 2020 22:02:36 GMT | GET | {} | /boards/da9c146d-85bd-45c0-9cb3-784e05bd90ac/tasks/6f5e86e3-398e-410b-87bb-9c557a26482d | {"boardId":"da9c146d-85bd-45c0-9cb3-784e05bd90ac","taskId":"6f5e86e3-398e-410b-87bb-9c557a26482d"} | 200 | 110.819 ms
Mon, 02 Nov 2020 22:02:36 GMT | GET | {} | /boards/da9c146d-85bd-45c0-9cb3-784e05bd90ac/tasks/1a2ebbfb-06aa-48d1-9732-5bc93a1311be | {"boardId":"da9c146d-85bd-45c0-9cb3-784e05bd90ac","taskId":"1a2ebbfb-06aa-48d1-9732-5bc93a1311be"} | 200 | 145.881 ms
Mon, 02 Nov 2020 22:02:36 GMT | GET | {} | /boards/da9c146d-85bd-45c0-9cb3-784e05bd90ac/tasks/f6de3e44-9b19-4ed3-aa7e-f84364ccb98c | {"boardId":"da9c146d-85bd-45c0-9cb3-784e05bd90ac","taskId":"f6de3e44-9b19-4ed3-aa7e-f84364ccb98c"} | 200 | 150.027 ms
Mon, 02 Nov 2020 22:02:36 GMT | POST | {"title":"Autotest task","order":0,"description":"Lorem ipsum","userId":null,"boardId":null,"columnId":null} | /boards/74539772-9fb3-426d-ba13-2a30a08af98e/tasks | {"boardId":"74539772-9fb3-426d-ba13-2a30a08af98e"} | 200 | 144.727 ms
Mon, 02 Nov 2020 22:02:36 GMT | POST | {"name":"TEST_USER","login":"test_user","password":"*******"} | /users | {} | 200 | 270.125 ms
Mon, 02 Nov 2020 22:02:36 GMT | GET | {} | /boards/74539772-9fb3-426d-ba13-2a30a08af98e/tasks | {"boardId":"74539772-9fb3-426d-ba13-2a30a08af98e"} | 200 | 71.925 ms
Mon, 02 Nov 2020 22:02:36 GMT | DELETE | {} | /boards/da9c146d-85bd-45c0-9cb3-784e05bd90ac | {"id":"da9c146d-85bd-45c0-9cb3-784e05bd90ac"} | 204 | 138.968 ms
Mon, 02 Nov 2020 22:02:36 GMT | GET | {} | /boards/74539772-9fb3-426d-ba13-2a30a08af98e/tasks | {"boardId":"74539772-9fb3-426d-ba13-2a30a08af98e"} | 200 | 84.606 ms
Mon, 02 Nov 2020 22:02:36 GMT | DELETE | {} | /users/8954686e-dbfd-40b0-9217-228cb3205b87 | {"id":"8954686e-dbfd-40b0-9217-228cb3205b87"} | 204 | 242.192 ms
Mon, 02 Nov 2020 22:02:36 GMT | GET | {} | /boards/da9c146d-85bd-45c0-9cb3-784e05bd90ac/tasks/78a24f67-22d7-420b-ab97-62d0ee612a25 | {} | 404 | 231.274 ms
Mon, 02 Nov 2020 22:02:36 GMT | GET | {} | /boards/da9c146d-85bd-45c0-9cb3-784e05bd90ac/tasks/a2dcc41f-7df7-4813-8ed8-c7d8b34e254b | {} | 404 | 288.829 ms
Mon, 02 Nov 2020 22:02:36 GMT | GET | {} | /boards/da9c146d-85bd-45c0-9cb3-784e05bd90ac/tasks/6f5e86e3-398e-410b-87bb-9c557a26482d | {} | 404 | 304.563 ms
Mon, 02 Nov 2020 22:02:36 GMT | GET | {} | /boards/da9c146d-85bd-45c0-9cb3-784e05bd90ac/tasks/f6de3e44-9b19-4ed3-aa7e-f84364ccb98c | {} | 404 | 326.039 ms
Mon, 02 Nov 2020 22:02:36 GMT | GET | {} | /boards/da9c146d-85bd-45c0-9cb3-784e05bd90ac/tasks/1a2ebbfb-06aa-48d1-9732-5bc93a1311be | {} | 404 | 325.618 ms
Mon, 02 Nov 2020 22:02:36 GMT | GET | {} | /boards/74539772-9fb3-426d-ba13-2a30a08af98e/tasks/4c334297-6365-4a80-a4be-bfabe2749403 | {"boardId":"74539772-9fb3-426d-ba13-2a30a08af98e","taskId":"4c334297-6365-4a80-a4be-bfabe2749403"} | 200 | 90.631 ms
Mon, 02 Nov 2020 22:02:37 GMT | DELETE | {} | /boards/08200402-91b6-4459-8007-1f00960b9755 | {"id":"08200402-91b6-4459-8007-1f00960b9755"} | 204 | 154.842 ms
Mon, 02 Nov 2020 22:02:37 GMT | POST | {"title":"Autotest task","order":0,"description":"Lorem ipsum","userId":null,"boardId":null,"columnId":null} | /boards/74539772-9fb3-426d-ba13-2a30a08af98e/tasks | {"boardId":"74539772-9fb3-426d-ba13-2a30a08af98e"} | 200 | 93.564 ms
Mon, 02 Nov 2020 22:02:37 GMT | POST | {"name":"TEST_USER","login":"test_user","password":"*******"} | /users | {} | 200 | 241.359 ms
Mon, 02 Nov 2020 22:02:37 GMT | DELETE | {} | /boards/74539772-9fb3-426d-ba13-2a30a08af98e/tasks/8682b3c5-fd63-4bc5-a6bc-dd658a0fa8ad | {"boardId":"74539772-9fb3-426d-ba13-2a30a08af98e","taskId":"8682b3c5-fd63-4bc5-a6bc-dd658a0fa8ad"} | 204 | 77.540 ms
Mon, 02 Nov 2020 22:02:37 GMT | POST | {"title":"Autotest board","columns":[{"title":"Backlog","order":1},{"title":"Sprint","order":2}]} | /boards | {} | 200 | 97.402 ms
Mon, 02 Nov 2020 22:02:37 GMT | POST | {"title":"Autotest task","order":0,"description":"Lorem ipsum","userId":null,"boardId":null,"columnId":null} | /boards/74539772-9fb3-426d-ba13-2a30a08af98e/tasks | {"boardId":"74539772-9fb3-426d-ba13-2a30a08af98e"} | 200 | 81.741 ms
Mon, 02 Nov 2020 22:02:37 GMT | POST | {"title":"Task #1","order":1,"description":"Lorem ipsum","userId":"46534000-5e8d-4be4-be43-7443eb8067cb","boardId":"0ff19034-1030-414d-b959-e4179b25e9bd"} | /boards/0ff19034-1030-414d-b959-e4179b25e9bd/tasks | {"boardId":"0ff19034-1030-414d-b959-e4179b25e9bd"} | 200 | 153.813 ms
Mon, 02 Nov 2020 22:02:37 GMT | POST | {"title":"Task #2","order":2,"description":"Lorem ipsum","userId":"46534000-5e8d-4be4-be43-7443eb8067cb","boardId":"0ff19034-1030-414d-b959-e4179b25e9bd"} | /boards/0ff19034-1030-414d-b959-e4179b25e9bd/tasks | {"boardId":"0ff19034-1030-414d-b959-e4179b25e9bd"} | 200 | 144.701 ms
Mon, 02 Nov 2020 22:02:37 GMT | PUT | {"id":"b9d21402-5f27-4802-86a8-60925a297259","title":"Autotest updated task","order":0,"description":"Lorem ipsum","userId":null,"boardId":"74539772-9fb3-426d-ba13-2a30a08af98e","columnId":null} | /boards/74539772-9fb3-426d-ba13-2a30a08af98e/tasks/b9d21402-5f27-4802-86a8-60925a297259 | {"boardId":"74539772-9fb3-426d-ba13-2a30a08af98e","taskId":"b9d21402-5f27-4802-86a8-60925a297259"} | 200 | 76.891 ms
Mon, 02 Nov 2020 22:02:37 GMT | DELETE | {} | /users/46534000-5e8d-4be4-be43-7443eb8067cb | {"id":"46534000-5e8d-4be4-be43-7443eb8067cb"} | 204 | 145.610 ms
Mon, 02 Nov 2020 22:02:37 GMT | GET | {} | /boards/74539772-9fb3-426d-ba13-2a30a08af98e/tasks/b9d21402-5f27-4802-86a8-60925a297259 | {"boardId":"74539772-9fb3-426d-ba13-2a30a08af98e","taskId":"b9d21402-5f27-4802-86a8-60925a297259"} | 200 | 73.975 ms
Mon, 02 Nov 2020 22:02:37 GMT | GET | {} | /boards/0ff19034-1030-414d-b959-e4179b25e9bd/tasks/82199147-d41b-46bf-ac49-1203df22fc56 | {"boardId":"0ff19034-1030-414d-b959-e4179b25e9bd","taskId":"82199147-d41b-46bf-ac49-1203df22fc56"} | 200 | 70.141 ms
Mon, 02 Nov 2020 22:02:37 GMT | GET | {} | /boards/74539772-9fb3-426d-ba13-2a30a08af98e/tasks/4c334297-6365-4a80-a4be-bfabe2749403 | {"boardId":"74539772-9fb3-426d-ba13-2a30a08af98e","taskId":"4c334297-6365-4a80-a4be-bfabe2749403"} | 200 | 71.125 ms
Mon, 02 Nov 2020 22:02:37 GMT | GET | {} | /boards/0ff19034-1030-414d-b959-e4179b25e9bd/tasks/60328ccc-5576-494a-9282-1bc32130ae6f | {"boardId":"0ff19034-1030-414d-b959-e4179b25e9bd","taskId":"60328ccc-5576-494a-9282-1bc32130ae6f"} | 200 | 72.664 ms
Mon, 02 Nov 2020 22:02:37 GMT | DELETE | {} | /boards/74539772-9fb3-426d-ba13-2a30a08af98e/tasks/4c334297-6365-4a80-a4be-bfabe2749403 | {"boardId":"74539772-9fb3-426d-ba13-2a30a08af98e","taskId":"4c334297-6365-4a80-a4be-bfabe2749403"} | 204 | 71.137 ms
Mon, 02 Nov 2020 22:02:38 GMT | DELETE | {} | /boards/0ff19034-1030-414d-b959-e4179b25e9bd/tasks/82199147-d41b-46bf-ac49-1203df22fc56 | {"boardId":"0ff19034-1030-414d-b959-e4179b25e9bd","taskId":"82199147-d41b-46bf-ac49-1203df22fc56"} | 204 | 71.686 ms
Mon, 02 Nov 2020 22:02:38 GMT | DELETE | {} | /boards/0ff19034-1030-414d-b959-e4179b25e9bd/tasks/60328ccc-5576-494a-9282-1bc32130ae6f | {"boardId":"0ff19034-1030-414d-b959-e4179b25e9bd","taskId":"60328ccc-5576-494a-9282-1bc32130ae6f"} | 204 | 75.438 ms
Mon, 02 Nov 2020 22:02:38 GMT | GET | {} | /boards/74539772-9fb3-426d-ba13-2a30a08af98e/tasks/4c334297-6365-4a80-a4be-bfabe2749403 | {} | 404 | 75.470 ms
Mon, 02 Nov 2020 22:02:38 GMT | DELETE | {} | /boards/0ff19034-1030-414d-b959-e4179b25e9bd | {"id":"0ff19034-1030-414d-b959-e4179b25e9bd"} | 204 | 136.916 ms
Mon, 02 Nov 2020 22:02:38 GMT | DELETE | {} | /boards/74539772-9fb3-426d-ba13-2a30a08af98e | {"id":"74539772-9fb3-426d-ba13-2a30a08af98e"} | 204 | 140.513 ms
Mon, 02 Nov 2020 22:02:39 GMT | GET | {} | /boards | {} | 401 | 1.304 ms
Mon, 02 Nov 2020 22:02:39 GMT | GET | {} | /boards/12345 | {} | 401 | 1.451 ms
Mon, 02 Nov 2020 22:02:39 GMT | POST | {"title":"Autotest board","columns":[{"title":"Backlog","order":1},{"title":"Sprint","order":2}]} | /boards | {} | 401 | 1.040 ms
Mon, 02 Nov 2020 22:02:39 GMT | PUT | {"title":"Autotest board","columns":[{"title":"Backlog","order":1},{"title":"Sprint","order":2}]} | /boards/12345 | {} | 401 | 1.295 ms
Mon, 02 Nov 2020 22:02:39 GMT | DELETE | {} | /boards/12345 | {} | 401 | 1.019 ms
Mon, 02 Nov 2020 22:02:40 GMT | GET | {} | /boards/12345/tasks | {} | 401 | 1.542 ms
Mon, 02 Nov 2020 22:02:40 GMT | GET | {} | /boards/12345/tasks/12345 | {} | 401 | 0.707 ms
Mon, 02 Nov 2020 22:02:40 GMT | POST | {"title":"Autotest task","order":0,"description":"Lorem ipsum","userId":null,"boardId":null,"columnId":null} | /boards/12345/tasks | {} | 401 | 0.842 ms
Mon, 02 Nov 2020 22:02:40 GMT | PUT | {"title":"Autotest task","order":0,"description":"Lorem ipsum","userId":null,"boardId":null,"columnId":null} | /boards/12345/tasks/12345 | {} | 401 | 1.314 ms
Mon, 02 Nov 2020 22:02:40 GMT | DELETE | {} | /boards/12345/tasks/12345 | {} | 401 | 0.677 ms
